<?xml version="1.0" encoding="UTF-8"?>
<!-- Generated by org.testng.reporters.JUnitReportReporter -->
<testsuite skipped="0" hostname="LAPTOP-QCE4AIJL" name="testPages.TestExcelReaderPage" tests="1" failures="0" timestamp="22 Jan 2019 06:33:15 GMT" time="62.609" errors="0">
  <testcase name="itemsSearchFromExcelData" time="62.609" classname="testPages.TestExcelReaderPage"/>
</testsuite> <!-- testPages.TestExcelReaderPage -->
